<?xml version="1.0" encoding="UTF-8"?>
<!-- Generated by org.testng.reporters.JUnitXMLReporter -->
<testsuite ignored="0" hostname="DESKTOP-PU9SV1T" failures="1" tests="1" name="Test_All" time="18.031" errors="0" timestamp="2022-04-11T13:38:04 IST">
  <testcase classname="com.hemsweb.testcases.LoginPageTest" name="loginTest" time="0.009">
    <failure type="java.lang.NullPointerException" message="Cannot invoke &amp;quot;com.hemsweb.pageobjects.LoginPage.login(String, String, com.hemsweb.pageobjects.DashboardPage)&amp;quot; because &amp;quot;this.loginPage&amp;quot; is null">
      <![CDATA[java.lang.NullPointerException: Cannot invoke "com.hemsweb.pageobjects.LoginPage.login(String, String, com.hemsweb.pageobjects.DashboardPage)" because "this.loginPage" is null
at com.hemsweb.testcases.LoginPageTest.loginTest(LoginPageTest.java:41)
at java.base/java.util.ArrayList.forEach(ArrayList.java:1511)
... Removed 27 stack frames]]>
    </failure>
  </testcase> <!-- loginTest -->
</testsuite> <!-- Test_All -->
